<?xml version="1.0" encoding="UTF-8"?>
<!-- Generated by org.testng.reporters.JUnitReportReporter -->
<testsuite hostname="LAPTOP-GMS59UUI" failures="0" tests="15" name="onewaytrip.Runner" time="49.910" errors="0" timestamp="2021-10-04T14:46:23 IST" skipped="13">
  <testcase classname="onewaytrip.Runner" name="enterTheTitle" time="32.632"/>
  <system-out/>
  <testcase classname="onewaytrip.Runner" name="selectTheStops" time="17.278"/>
  <system-out/>
  <testcase classname="onewaytrip.Runner" name="enterTheFirstName">
    <skipped/>
  </testcase> <!-- enterTheFirstName -->
  <system-out/>
  <testcase classname="onewaytrip.Runner" name="enterTheLastName">
    <skipped/>
  </testcase> <!-- enterTheLastName -->
  <system-out/>
  <testcase classname="onewaytrip.Runner" name="selectInsurance">
    <skipped/>
  </testcase> <!-- selectInsurance -->
  <system-out/>
  <testcase classname="onewaytrip.Runner" name="addPrivilage">
    <skipped/>
  </testcase> <!-- addPrivilage -->
  <system-out/>
  <testcase classname="onewaytrip.Runner" name="invalidToLocation">
    <skipped/>
  </testcase> <!-- invalidToLocation -->
  <system-out/>
  <testcase classname="onewaytrip.Runner" name="sameToAndFromLocation">
    <skipped/>
  </testcase> <!-- sameToAndFromLocation -->
  <system-out/>
  <testcase classname="onewaytrip.Runner" name="addPassengers">
    <skipped/>
  </testcase> <!-- addPassengers -->
  <system-out/>
  <testcase classname="onewaytrip.Runner" name="enterValidEmailId">
    <skipped/>
  </testcase> <!-- enterValidEmailId -->
  <system-out/>
  <testcase classname="onewaytrip.Runner" name="addCoupon">
    <skipped/>
  </testcase> <!-- addCoupon -->
  <system-out/>
  <testcase classname="onewaytrip.Runner" name="invalidFromLocation">
    <skipped/>
  </testcase> <!-- invalidFromLocation -->
  <system-out/>
  <testcase classname="onewaytrip.Runner" name="invalidCoupon">
    <skipped/>
  </testcase> <!-- invalidCoupon -->
  <system-out/>
  <testcase classname="onewaytrip.Runner" name="bookingOneWayFlight">
    <skipped/>
  </testcase> <!-- bookingOneWayFlight -->
  <system-out/>
  <testcase classname="onewaytrip.Runner" name="enterThePhoneNumber">
    <skipped/>
  </testcase> <!-- enterThePhoneNumber -->
  <system-out/>
</testsuite> <!-- onewaytrip.Runner -->
