<?xml version="1.0" encoding="UTF-8"?>
<!-- Generated by org.testng.reporters.JUnitReportReporter -->
<testsuite hostname="LAPTOP-GMS59UUI" failures="0" tests="2" name="onewaytrip.RunnerusingExcel" time="43.798" errors="0" timestamp="2021-10-01T17:21:42 IST" skipped="0">
  <testcase classname="onewaytrip.RunnerusingExcel" name="booking" time="17.249"/>
  <system-out/>
  <testcase classname="onewaytrip.RunnerusingExcel" name="booking" time="26.549"/>
  <system-out/>
</testsuite> <!-- onewaytrip.RunnerusingExcel -->
