<?xml version="1.0" encoding="UTF-8"?>
<!-- Generated by org.testng.reporters.JUnitReportReporter -->
<testsuite hostname="LAPTOP-GMS59UUI" failures="0" tests="14" name="twowaytrip.Runner" time="40.897" errors="0" timestamp="2021-10-04T14:51:17 IST" skipped="13">
  <testcase classname="twowaytrip.Runner" name="enterThePhoneNumber" time="40.897"/>
  <system-out/>
  <testcase classname="twowaytrip.Runner" name="enterTheTitle">
    <skipped/>
  </testcase> <!-- enterTheTitle -->
  <system-out/>
  <testcase classname="twowaytrip.Runner" name="sameToAndFromLocation">
    <skipped/>
  </testcase> <!-- sameToAndFromLocation -->
  <system-out/>
  <testcase classname="twowaytrip.Runner" name="enerValidFromLocation">
    <skipped/>
  </testcase> <!-- enerValidFromLocation -->
  <system-out/>
  <testcase classname="twowaytrip.Runner" name="enterTheFirstName">
    <skipped/>
  </testcase> <!-- enterTheFirstName -->
  <system-out/>
  <testcase classname="twowaytrip.Runner" name="testCase3">
    <skipped/>
  </testcase> <!-- testCase3 -->
  <system-out/>
  <testcase classname="twowaytrip.Runner" name="enterTheLastName">
    <skipped/>
  </testcase> <!-- enterTheLastName -->
  <system-out/>
  <testcase classname="twowaytrip.Runner" name="bookingTwoWayFlight">
    <skipped/>
  </testcase> <!-- bookingTwoWayFlight -->
  <system-out/>
  <testcase classname="twowaytrip.Runner" name="selectInsurance">
    <skipped/>
  </testcase> <!-- selectInsurance -->
  <system-out/>
  <testcase classname="twowaytrip.Runner" name="enterValidToLocation">
    <skipped/>
  </testcase> <!-- enterValidToLocation -->
  <system-out/>
  <testcase classname="twowaytrip.Runner" name="timeOverlap">
    <skipped/>
  </testcase> <!-- timeOverlap -->
  <system-out/>
  <testcase classname="twowaytrip.Runner" name="bookingFor3Person">
    <skipped/>
  </testcase> <!-- bookingFor3Person -->
  <system-out/>
  <testcase classname="twowaytrip.Runner" name="enterValidCoupon">
    <skipped/>
  </testcase> <!-- enterValidCoupon -->
  <system-out/>
  <testcase classname="twowaytrip.Runner" name="enterValidMailId">
    <skipped/>
  </testcase> <!-- enterValidMailId -->
  <system-out/>
</testsuite> <!-- twowaytrip.Runner -->
