<?xml version="1.0" encoding="UTF-8"?>
<!-- Generated by org.testng.reporters.JUnitReportReporter -->
<testsuite hostname="LAPTOP-GMS59UUI" failures="0" tests="15" name="onewaytrip.Runner" time="370.863" errors="0" timestamp="2021-10-04T08:24:02 IST" skipped="1">
  <testcase classname="onewaytrip.Runner" name="testCase1" time="42.877"/>
  <system-out/>
  <testcase classname="onewaytrip.Runner" name="testCase2" time="20.932"/>
  <system-out/>
  <testcase classname="onewaytrip.Runner" name="booking" time="25.585"/>
  <system-out/>
  <testcase classname="onewaytrip.Runner" name="testCase4" time="23.952"/>
  <system-out/>
  <testcase classname="onewaytrip.Runner" name="testCase5" time="34.081"/>
  <system-out/>
  <testcase classname="onewaytrip.Runner" name="testCase6" time="34.046"/>
  <system-out/>
  <testcase classname="onewaytrip.Runner" name="testCase7" time="32.770"/>
  <system-out/>
  <testcase classname="onewaytrip.Runner" name="testCase8" time="28.094"/>
  <system-out/>
  <testcase classname="onewaytrip.Runner" name="testCase11" time="26.936"/>
  <system-out/>
  <testcase classname="onewaytrip.Runner" name="testCase15" time="33.220"/>
  <system-out/>
  <testcase classname="onewaytrip.Runner" name="testCase14" time="20.675"/>
  <system-out/>
  <testcase classname="onewaytrip.Runner" name="testCase12" time="16.213"/>
  <system-out/>
  <testcase classname="onewaytrip.Runner" name="testCase13" time="15.008"/>
  <system-out/>
  <testcase classname="onewaytrip.Runner" name="testCase10" time="16.474"/>
  <system-out/>
  <testcase classname="onewaytrip.Runner" name="testCase9">
    <skipped/>
  </testcase> <!-- testCase9 -->
  <system-out/>
</testsuite> <!-- onewaytrip.Runner -->
